-- Found ament_cmake: 2.5.3 (/home/chris/ros2_jazzy/install/ament_cmake/share/ament_cmake/cmake)
-- Override CMake install command with custom implementation using symlinks instead of copying resources
-- Found ament_lint_auto: 0.17.1 (/home/chris/ros2_jazzy/install/ament_lint_auto/share/ament_lint_auto/cmake)
WARNING: Package name "AOPR" does not follow the naming conventions. It should start with a lower case letter and only contain lower case letters, digits, underscores, and dashes.
-- Added test 'copyright' to check source files copyright and LICENSE
-- Added test 'cppcheck' to perform static code analysis on C / C++ code
-- Configured cppcheck include dirs: 
-- Configured cppcheck exclude dirs and/or files: 
-- Added test 'cpplint' to check C / C++ code against the Google style
-- Configured cpplint exclude dirs and/or files: 
-- Added test 'flake8' to check Python code syntax and style conventions
-- Configured 'flake8' exclude dirs and/or files: 
-- Added test 'lint_cmake' to check CMake code style
-- Added test 'pep257' to check Python code against some of the docstring style conventions in PEP 257
-- Added test 'uncrustify' to check C / C++ code style
-- Configured uncrustify additional arguments: 
-- Added test 'xmllint' to check XML markup files
-- Configuring done (0.5s)
-- Generating done (0.0s)
-- Build files have been written to: /home/chris/AOPR_ws/src/AOPR/build/AOPR
-- Install configuration: ""
-- Execute custom install script
-- Up-to-date symlink: /home/chris/AOPR_ws/src/AOPR/install/AOPR/share/AOPR/config/empty.yaml
-- Symlinking: /home/chris/AOPR_ws/src/AOPR/install/AOPR/share/AOPR/config/gaz_ros2_ctl_use_sim.yaml
-- Up-to-date symlink: /home/chris/AOPR_ws/src/AOPR/install/AOPR/share/AOPR/config/gz_bridge.yaml
-- Symlinking: /home/chris/AOPR_ws/src/AOPR/install/AOPR/share/AOPR/config/my_controllers.yaml
-- Up-to-date symlink: /home/chris/AOPR_ws/src/AOPR/install/AOPR/share/AOPR/config/view_robot_rviz.rviz
-- Symlinking: /home/chris/AOPR_ws/src/AOPR/install/AOPR/share/AOPR/description/camera.xacro
-- Up-to-date symlink: /home/chris/AOPR_ws/src/AOPR/install/AOPR/share/AOPR/description/gazebo_control.xacro
-- Up-to-date symlink: /home/chris/AOPR_ws/src/AOPR/install/AOPR/share/AOPR/description/inertial_macros.xacro
-- Symlinking: /home/chris/AOPR_ws/src/AOPR/install/AOPR/share/AOPR/description/lidar.xacro
-- Up-to-date symlink: /home/chris/AOPR_ws/src/AOPR/install/AOPR/share/AOPR/description/robot.urdf.xacro
-- Up-to-date symlink: /home/chris/AOPR_ws/src/AOPR/install/AOPR/share/AOPR/description/robot_core.xacro
-- Symlinking: /home/chris/AOPR_ws/src/AOPR/install/AOPR/share/AOPR/description/ros2_control.xacro
-- Up-to-date symlink: /home/chris/AOPR_ws/src/AOPR/install/AOPR/share/AOPR/launch/launch_sim.launch.py
-- Up-to-date symlink: /home/chris/AOPR_ws/src/AOPR/install/AOPR/share/AOPR/launch/rsp.launch.py
-- Up-to-date symlink: /home/chris/AOPR_ws/src/AOPR/install/AOPR/share/AOPR/worlds/empty.world
-- Up-to-date symlink: /home/chris/AOPR_ws/src/AOPR/install/AOPR/share/ament_index/resource_index/package_run_dependencies/AOPR
-- Up-to-date symlink: /home/chris/AOPR_ws/src/AOPR/install/AOPR/share/ament_index/resource_index/parent_prefix_path/AOPR
-- Up-to-date symlink: /home/chris/AOPR_ws/src/AOPR/install/AOPR/share/AOPR/environment/ament_prefix_path.sh
-- Up-to-date symlink: /home/chris/AOPR_ws/src/AOPR/install/AOPR/share/AOPR/environment/ament_prefix_path.dsv
-- Up-to-date symlink: /home/chris/AOPR_ws/src/AOPR/install/AOPR/share/AOPR/environment/path.sh
-- Up-to-date symlink: /home/chris/AOPR_ws/src/AOPR/install/AOPR/share/AOPR/environment/path.dsv
-- Up-to-date symlink: /home/chris/AOPR_ws/src/AOPR/install/AOPR/share/AOPR/local_setup.bash
-- Up-to-date symlink: /home/chris/AOPR_ws/src/AOPR/install/AOPR/share/AOPR/local_setup.sh
-- Up-to-date symlink: /home/chris/AOPR_ws/src/AOPR/install/AOPR/share/AOPR/local_setup.zsh
-- Up-to-date symlink: /home/chris/AOPR_ws/src/AOPR/install/AOPR/share/AOPR/local_setup.dsv
-- Symlinking: /home/chris/AOPR_ws/src/AOPR/install/AOPR/share/AOPR/package.dsv
-- Up-to-date symlink: /home/chris/AOPR_ws/src/AOPR/install/AOPR/share/ament_index/resource_index/packages/AOPR
-- Up-to-date symlink: /home/chris/AOPR_ws/src/AOPR/install/AOPR/share/AOPR/cmake/AOPRConfig.cmake
-- Up-to-date symlink: /home/chris/AOPR_ws/src/AOPR/install/AOPR/share/AOPR/cmake/AOPRConfig-version.cmake
-- Up-to-date symlink: /home/chris/AOPR_ws/src/AOPR/install/AOPR/share/AOPR/package.xml
