[0.015s] Invoking command in '/root/second_ws/build/gazebo_ros2_control': CMAKE_PREFIX_PATH=${CMAKE_PREFIX_PATH}:/opt/ros/jazzy /usr/bin/cmake /root/second_ws/src/gazebo_ros2_control/gazebo_ros2_control -DCMAKE_INSTALL_PREFIX=/root/second_ws/install/gazebo_ros2_control
[0.065s] -- Found ament_cmake: 2.5.2 (/opt/ros/jazzy/share/ament_cmake/cmake)
[0.277s] -- Found angles: 1.16.0 (/opt/ros/jazzy/share/angles/cmake)
[0.281s] -- Found controller_manager: 4.27.0 (/opt/ros/jazzy/share/controller_manager/cmake)
[0.446s] -- Found rosidl_generator_c: 4.6.4 (/opt/ros/jazzy/share/rosidl_generator_c/cmake)
[0.458s] -- Found rosidl_generator_cpp: 4.6.4 (/opt/ros/jazzy/share/rosidl_generator_cpp/cmake)
[0.477s] -- Using all available rosidl_typesupport_c: rosidl_typesupport_fastrtps_c;rosidl_typesupport_introspection_c
[0.495s] -- Using all available rosidl_typesupport_cpp: rosidl_typesupport_fastrtps_cpp;rosidl_typesupport_introspection_cpp
[0.574s] -- Found rmw_implementation_cmake: 7.3.1 (/opt/ros/jazzy/share/rmw_implementation_cmake/cmake)
[0.577s] -- Found rmw_fastrtps_cpp: 8.4.1 (/opt/ros/jazzy/share/rmw_fastrtps_cpp/cmake)
[0.816s] -- Using RMW implementation 'rmw_fastrtps_cpp' as default
[1.399s] -- Found control_toolbox: 4.0.1 (/opt/ros/jazzy/share/control_toolbox/cmake)
[2.439s] [31mCMake Error at CMakeLists.txt:8 (find_package):
[2.439s]   By not providing "Findgazebo_dev.cmake" in CMAKE_MODULE_PATH this project
[2.439s]   has asked CMake to find a package configuration file provided by
[2.439s]   "gazebo_dev", but CMake did not find one.
[2.440s] 
[2.440s]   Could not find a package configuration file provided by "gazebo_dev" with
[2.440s]   any of the following names:
[2.440s] 
[2.440s]     gazebo_devConfig.cmake
[2.440s]     gazebo_dev-config.cmake
[2.440s] 
[2.440s]   Add the installation prefix of "gazebo_dev" to CMAKE_PREFIX_PATH or set
[2.440s]   "gazebo_dev_DIR" to a directory containing one of the above files.  If
[2.440s]   "gazebo_dev" provides a separate development package or SDK, be sure it has
[2.440s]   been installed.
[2.440s] 
[2.440s] [0m
[2.440s] -- Configuring incomplete, errors occurred!
[2.447s] Invoked command in '/root/second_ws/build/gazebo_ros2_control' returned '1': CMAKE_PREFIX_PATH=${CMAKE_PREFIX_PATH}:/opt/ros/jazzy /usr/bin/cmake /root/second_ws/src/gazebo_ros2_control/gazebo_ros2_control -DCMAKE_INSTALL_PREFIX=/root/second_ws/install/gazebo_ros2_control
