[0.019s] Invoking command in '/root/second_ws/build/robot_description': CMAKE_PREFIX_PATH=${CMAKE_PREFIX_PATH}:/opt/ros/jazzy /usr/bin/cmake --build /root/second_ws/build/robot_description -- -j16 -l16
[0.080s] Invoked command in '/root/second_ws/build/robot_description' returned '0': CMAKE_PREFIX_PATH=${CMAKE_PREFIX_PATH}:/opt/ros/jazzy /usr/bin/cmake --build /root/second_ws/build/robot_description -- -j16 -l16
[0.127s] Invoking command in '/root/second_ws/build/robot_description': CMAKE_PREFIX_PATH=${CMAKE_PREFIX_PATH}:/opt/ros/jazzy /usr/bin/cmake --install /root/second_ws/build/robot_description
[0.140s] -- Install configuration: ""
[0.140s] -- Up-to-date: /root/second_ws/install/robot_description/share/ament_index/resource_index/package_run_dependencies/robot_description
[0.140s] -- Up-to-date: /root/second_ws/install/robot_description/share/ament_index/resource_index/parent_prefix_path/robot_description
[0.141s] -- Up-to-date: /root/second_ws/install/robot_description/share/robot_description/environment/ament_prefix_path.sh
[0.141s] -- Up-to-date: /root/second_ws/install/robot_description/share/robot_description/environment/ament_prefix_path.dsv
[0.142s] -- Up-to-date: /root/second_ws/install/robot_description/share/robot_description/environment/path.sh
[0.142s] -- Up-to-date: /root/second_ws/install/robot_description/share/robot_description/environment/path.dsv
[0.142s] -- Up-to-date: /root/second_ws/install/robot_description/share/robot_description/local_setup.bash
[0.143s] -- Up-to-date: /root/second_ws/install/robot_description/share/robot_description/local_setup.sh
[0.143s] -- Up-to-date: /root/second_ws/install/robot_description/share/robot_description/local_setup.zsh
[0.143s] -- Up-to-date: /root/second_ws/install/robot_description/share/robot_description/local_setup.dsv
[0.143s] -- Installing: /root/second_ws/install/robot_description/share/robot_description/package.dsv
[0.143s] -- Up-to-date: /root/second_ws/install/robot_description/share/ament_index/resource_index/packages/robot_description
[0.144s] -- Up-to-date: /root/second_ws/install/robot_description/share/robot_description/cmake/robot_descriptionConfig.cmake
[0.144s] -- Up-to-date: /root/second_ws/install/robot_description/share/robot_description/cmake/robot_descriptionConfig-version.cmake
[0.144s] -- Up-to-date: /root/second_ws/install/robot_description/share/robot_description/package.xml
[0.144s] -- Up-to-date: /root/second_ws/install/robot_description/share/robot_description/urdf
[0.144s] -- Up-to-date: /root/second_ws/install/robot_description/share/robot_description/urdf/arm.xacro
[0.145s] -- Up-to-date: /root/second_ws/install/robot_description/share/robot_description/launch/launch
[0.145s] -- Installing: /root/second_ws/install/robot_description/share/robot_description/launch/launch/spawn.launch.py
[0.147s] -- Up-to-date: /root/second_ws/install/robot_description/share/robot_description/config
[0.147s] -- Up-to-date: /root/second_ws/install/robot_description/share/robot_description/config/rviz.rviz
[0.148s] -- Up-to-date: /root/second_ws/install/robot_description/share/robot_description/config/controller.yaml
[0.148s] -- Up-to-date: /root/second_ws/install/robot_description/share/robot_description/config/world.yaml
[0.149s] Invoked command in '/root/second_ws/build/robot_description' returned '0': CMAKE_PREFIX_PATH=${CMAKE_PREFIX_PATH}:/opt/ros/jazzy /usr/bin/cmake --install /root/second_ws/build/robot_description
