[0.036s] Invoking command in '/root/second_ws/build/robot_description': CMAKE_PREFIX_PATH=${CMAKE_PREFIX_PATH}:/opt/ros/jazzy /usr/bin/cmake /root/second_ws/src/robot_description -DCMAKE_INSTALL_PREFIX=/root/second_ws/install/robot_description
[0.833s] -- The C compiler identification is GNU 13.3.0
[2.981s] -- The CXX compiler identification is GNU 13.3.0
[4.813s] -- Detecting C compiler ABI info
[5.644s] -- Detecting C compiler ABI info - done
[5.665s] -- Check for working C compiler: /usr/bin/cc - skipped
[5.668s] -- Detecting C compile features
[5.669s] -- Detecting C compile features - done
[5.948s] -- Detecting CXX compiler ABI info
[6.773s] -- Detecting CXX compiler ABI info - done
[6.795s] -- Check for working CXX compiler: /usr/bin/c++ - skipped
[6.796s] -- Detecting CXX compile features
[6.797s] -- Detecting CXX compile features - done
[6.876s] -- Found ament_cmake: 2.5.2 (/opt/ros/jazzy/share/ament_cmake/cmake)
[7.272s] -- Found Python3: /usr/bin/python3 (found version "3.12.3") found components: Interpreter 
[7.637s] -- Found ament_lint_auto: 0.17.1 (/opt/ros/jazzy/share/ament_lint_auto/cmake)
[7.959s] -- Added test 'cppcheck' to perform static code analysis on C / C++ code
[7.960s] -- Configured cppcheck include dirs: 
[7.960s] -- Configured cppcheck exclude dirs and/or files: 
[7.966s] -- Added test 'flake8' to check Python code syntax and style conventions
[7.966s] -- Configured 'flake8' exclude dirs and/or files: 
[7.975s] -- Added test 'lint_cmake' to check CMake code style
[7.981s] -- Added test 'pep257' to check Python code against some of the docstring style conventions in PEP 257
[8.007s] -- Added test 'uncrustify' to check C / C++ code style
[8.007s] -- Configured uncrustify additional arguments: 
[8.013s] -- Added test 'xmllint' to check XML markup files
[8.019s] -- Configuring done (7.9s)
[8.031s] -- Generating done (0.0s)
[8.034s] -- Build files have been written to: /root/second_ws/build/robot_description
[8.044s] Invoked command in '/root/second_ws/build/robot_description' returned '0': CMAKE_PREFIX_PATH=${CMAKE_PREFIX_PATH}:/opt/ros/jazzy /usr/bin/cmake /root/second_ws/src/robot_description -DCMAKE_INSTALL_PREFIX=/root/second_ws/install/robot_description
[8.047s] Invoking command in '/root/second_ws/build/robot_description': CMAKE_PREFIX_PATH=${CMAKE_PREFIX_PATH}:/opt/ros/jazzy /usr/bin/cmake --build /root/second_ws/build/robot_description -- -j16 -l16
[8.134s] Invoked command in '/root/second_ws/build/robot_description' returned '0': CMAKE_PREFIX_PATH=${CMAKE_PREFIX_PATH}:/opt/ros/jazzy /usr/bin/cmake --build /root/second_ws/build/robot_description -- -j16 -l16
[8.211s] Invoking command in '/root/second_ws/build/robot_description': CMAKE_PREFIX_PATH=${CMAKE_PREFIX_PATH}:/opt/ros/jazzy /usr/bin/cmake --install /root/second_ws/build/robot_description
[8.231s] -- Install configuration: ""
[8.234s] -- Installing: /root/second_ws/install/robot_description/share/ament_index/resource_index/package_run_dependencies/robot_description
[8.235s] -- Installing: /root/second_ws/install/robot_description/share/ament_index/resource_index/parent_prefix_path/robot_description
[8.236s] -- Installing: /root/second_ws/install/robot_description/share/robot_description/environment/ament_prefix_path.sh
[8.236s] -- Installing: /root/second_ws/install/robot_description/share/robot_description/environment/ament_prefix_path.dsv
[8.237s] -- Installing: /root/second_ws/install/robot_description/share/robot_description/environment/path.sh
[8.237s] -- Installing: /root/second_ws/install/robot_description/share/robot_description/environment/path.dsv
[8.238s] -- Installing: /root/second_ws/install/robot_description/share/robot_description/local_setup.bash
[8.238s] -- Installing: /root/second_ws/install/robot_description/share/robot_description/local_setup.sh
[8.238s] -- Installing: /root/second_ws/install/robot_description/share/robot_description/local_setup.zsh
[8.239s] -- Installing: /root/second_ws/install/robot_description/share/robot_description/local_setup.dsv
[8.239s] -- Installing: /root/second_ws/install/robot_description/share/robot_description/package.dsv
[8.240s] -- Installing: /root/second_ws/install/robot_description/share/ament_index/resource_index/packages/robot_description
[8.241s] -- Installing: /root/second_ws/install/robot_description/share/robot_description/cmake/robot_descriptionConfig.cmake
[8.242s] -- Installing: /root/second_ws/install/robot_description/share/robot_description/cmake/robot_descriptionConfig-version.cmake
[8.243s] -- Installing: /root/second_ws/install/robot_description/share/robot_description/package.xml
[8.243s] -- Installing: /root/second_ws/install/robot_description/share/robot_description/urdf
[8.243s] -- Installing: /root/second_ws/install/robot_description/share/robot_description/urdf/arm.xacro
[8.247s] -- Installing: /root/second_ws/install/robot_description/share/robot_description/launch/launch
[8.248s] -- Installing: /root/second_ws/install/robot_description/share/robot_description/launch/launch/spawn.launch.py
[8.249s] -- Installing: /root/second_ws/install/robot_description/share/robot_description/config
[8.250s] -- Installing: /root/second_ws/install/robot_description/share/robot_description/config/controller.yaml
[8.251s] -- Installing: /root/second_ws/install/robot_description/share/robot_description/config/world.yaml
[8.256s] Invoked command in '/root/second_ws/build/robot_description' returned '0': CMAKE_PREFIX_PATH=${CMAKE_PREFIX_PATH}:/opt/ros/jazzy /usr/bin/cmake --install /root/second_ws/build/robot_description
