-- Install configuration: ""
-- Up-to-date: /root/second_ws/install/robot_description/share/ament_index/resource_index/package_run_dependencies/robot_description
-- Up-to-date: /root/second_ws/install/robot_description/share/ament_index/resource_index/parent_prefix_path/robot_description
-- Up-to-date: /root/second_ws/install/robot_description/share/robot_description/environment/ament_prefix_path.sh
-- Up-to-date: /root/second_ws/install/robot_description/share/robot_description/environment/ament_prefix_path.dsv
-- Up-to-date: /root/second_ws/install/robot_description/share/robot_description/environment/path.sh
-- Up-to-date: /root/second_ws/install/robot_description/share/robot_description/environment/path.dsv
-- Up-to-date: /root/second_ws/install/robot_description/share/robot_description/local_setup.bash
-- Up-to-date: /root/second_ws/install/robot_description/share/robot_description/local_setup.sh
-- Up-to-date: /root/second_ws/install/robot_description/share/robot_description/local_setup.zsh
-- Up-to-date: /root/second_ws/install/robot_description/share/robot_description/local_setup.dsv
-- Up-to-date: /root/second_ws/install/robot_description/share/robot_description/package.dsv
-- Up-to-date: /root/second_ws/install/robot_description/share/ament_index/resource_index/packages/robot_description
-- Up-to-date: /root/second_ws/install/robot_description/share/robot_description/cmake/robot_descriptionConfig.cmake
-- Up-to-date: /root/second_ws/install/robot_description/share/robot_description/cmake/robot_descriptionConfig-version.cmake
-- Up-to-date: /root/second_ws/install/robot_description/share/robot_description/package.xml
-- Up-to-date: /root/second_ws/install/robot_description/share/robot_description/urdf
-- Up-to-date: /root/second_ws/install/robot_description/share/robot_description/urdf/arm.xacro
-- Up-to-date: /root/second_ws/install/robot_description/share/robot_description/launch/launch
-- Installing: /root/second_ws/install/robot_description/share/robot_description/launch/launch/spawn.launch.py
-- Up-to-date: /root/second_ws/install/robot_description/share/robot_description/config
-- Installing: /root/second_ws/install/robot_description/share/robot_description/config/rviz.rviz
-- Up-to-date: /root/second_ws/install/robot_description/share/robot_description/config/controller.yaml
-- Up-to-date: /root/second_ws/install/robot_description/share/robot_description/config/world.yaml
