-- Install configuration: ""
-- Execute custom install script
-- Up-to-date symlink: /home/chris/AOPR_ws/src/AOPR/install/AOPR/share/AOPR/config/empty.yaml
-- Up-to-date symlink: /home/chris/AOPR_ws/src/AOPR/install/AOPR/share/AOPR/config/gaz_ros2_ctl_use_sim.yaml
-- Up-to-date symlink: /home/chris/AOPR_ws/src/AOPR/install/AOPR/share/AOPR/config/gz_bridge.yaml
-- Up-to-date symlink: /home/chris/AOPR_ws/src/AOPR/install/AOPR/share/AOPR/config/my_controllers.yaml
-- Symlinking: /home/chris/AOPR_ws/src/AOPR/install/AOPR/share/AOPR/config/twist_mux.yaml
-- Up-to-date symlink: /home/chris/AOPR_ws/src/AOPR/install/AOPR/share/AOPR/config/view_robot_rviz.rviz
-- Up-to-date symlink: /home/chris/AOPR_ws/src/AOPR/install/AOPR/share/AOPR/description/camera.xacro
-- Up-to-date symlink: /home/chris/AOPR_ws/src/AOPR/install/AOPR/share/AOPR/description/gazebo_control.xacro
-- Up-to-date symlink: /home/chris/AOPR_ws/src/AOPR/install/AOPR/share/AOPR/description/inertial_macros.xacro
-- Up-to-date symlink: /home/chris/AOPR_ws/src/AOPR/install/AOPR/share/AOPR/description/lidar.xacro
-- Up-to-date symlink: /home/chris/AOPR_ws/src/AOPR/install/AOPR/share/AOPR/description/robot.urdf.xacro
-- Up-to-date symlink: /home/chris/AOPR_ws/src/AOPR/install/AOPR/share/AOPR/description/robot_core.xacro
-- Up-to-date symlink: /home/chris/AOPR_ws/src/AOPR/install/AOPR/share/AOPR/description/ros2_control.xacro
-- Symlinking: /home/chris/AOPR_ws/src/AOPR/install/AOPR/share/AOPR/launch/block_tracker.launch.py
-- Up-to-date symlink: /home/chris/AOPR_ws/src/AOPR/install/AOPR/share/AOPR/launch/joystick.launch.py
-- Up-to-date symlink: /home/chris/AOPR_ws/src/AOPR/install/AOPR/share/AOPR/launch/launch_sim.launch.py
-- Up-to-date symlink: /home/chris/AOPR_ws/src/AOPR/install/AOPR/share/AOPR/launch/rsp.launch.py
-- Up-to-date symlink: /home/chris/AOPR_ws/src/AOPR/install/AOPR/share/AOPR/worlds/empty.world
-- Up-to-date symlink: /home/chris/AOPR_ws/src/AOPR/install/AOPR/share/ament_index/resource_index/package_run_dependencies/AOPR
-- Up-to-date symlink: /home/chris/AOPR_ws/src/AOPR/install/AOPR/share/ament_index/resource_index/parent_prefix_path/AOPR
-- Up-to-date symlink: /home/chris/AOPR_ws/src/AOPR/install/AOPR/share/AOPR/environment/ament_prefix_path.sh
-- Up-to-date symlink: /home/chris/AOPR_ws/src/AOPR/install/AOPR/share/AOPR/environment/ament_prefix_path.dsv
-- Up-to-date symlink: /home/chris/AOPR_ws/src/AOPR/install/AOPR/share/AOPR/environment/path.sh
-- Up-to-date symlink: /home/chris/AOPR_ws/src/AOPR/install/AOPR/share/AOPR/environment/path.dsv
-- Up-to-date symlink: /home/chris/AOPR_ws/src/AOPR/install/AOPR/share/AOPR/local_setup.bash
-- Up-to-date symlink: /home/chris/AOPR_ws/src/AOPR/install/AOPR/share/AOPR/local_setup.sh
-- Up-to-date symlink: /home/chris/AOPR_ws/src/AOPR/install/AOPR/share/AOPR/local_setup.zsh
-- Up-to-date symlink: /home/chris/AOPR_ws/src/AOPR/install/AOPR/share/AOPR/local_setup.dsv
-- Symlinking: /home/chris/AOPR_ws/src/AOPR/install/AOPR/share/AOPR/package.dsv
-- Up-to-date symlink: /home/chris/AOPR_ws/src/AOPR/install/AOPR/share/ament_index/resource_index/packages/AOPR
-- Up-to-date symlink: /home/chris/AOPR_ws/src/AOPR/install/AOPR/share/AOPR/cmake/AOPRConfig.cmake
-- Up-to-date symlink: /home/chris/AOPR_ws/src/AOPR/install/AOPR/share/AOPR/cmake/AOPRConfig-version.cmake
-- Up-to-date symlink: /home/chris/AOPR_ws/src/AOPR/install/AOPR/share/AOPR/package.xml
