[0.008s] Invoking command in '/home/chris/AOPR_ws/src/AOPR/build/AOPR': CMAKE_PREFIX_PATH=${CMAKE_PREFIX_PATH}:/home/chris/AOPR_ws/install/block_tracker:/opt/ros/jazzy /usr/bin/cmake --build /home/chris/AOPR_ws/src/AOPR/build/AOPR -- -j24 -l24
[0.028s] Invoked command in '/home/chris/AOPR_ws/src/AOPR/build/AOPR' returned '0': CMAKE_PREFIX_PATH=${CMAKE_PREFIX_PATH}:/home/chris/AOPR_ws/install/block_tracker:/opt/ros/jazzy /usr/bin/cmake --build /home/chris/AOPR_ws/src/AOPR/build/AOPR -- -j24 -l24
[0.033s] Invoking command in '/home/chris/AOPR_ws/src/AOPR/build/AOPR': CMAKE_PREFIX_PATH=${CMAKE_PREFIX_PATH}:/home/chris/AOPR_ws/install/block_tracker:/opt/ros/jazzy /usr/bin/cmake --install /home/chris/AOPR_ws/src/AOPR/build/AOPR
[0.037s] -- Install configuration: ""
[0.038s] -- Execute custom install script
[0.038s] -- Up-to-date symlink: /home/chris/AOPR_ws/src/AOPR/install/AOPR/share/AOPR/config/empty.yaml
[0.038s] -- Up-to-date symlink: /home/chris/AOPR_ws/src/AOPR/install/AOPR/share/AOPR/config/gaz_ros2_ctl_use_sim.yaml
[0.038s] -- Up-to-date symlink: /home/chris/AOPR_ws/src/AOPR/install/AOPR/share/AOPR/config/gz_bridge.yaml
[0.038s] -- Up-to-date symlink: /home/chris/AOPR_ws/src/AOPR/install/AOPR/share/AOPR/config/my_controllers.yaml
[0.038s] -- Symlinking: /home/chris/AOPR_ws/src/AOPR/install/AOPR/share/AOPR/config/twist_mux.yaml
[0.042s] -- Up-to-date symlink: /home/chris/AOPR_ws/src/AOPR/install/AOPR/share/AOPR/config/view_robot_rviz.rviz
[0.043s] -- Up-to-date symlink: /home/chris/AOPR_ws/src/AOPR/install/AOPR/share/AOPR/description/camera.xacro
[0.043s] -- Up-to-date symlink: /home/chris/AOPR_ws/src/AOPR/install/AOPR/share/AOPR/description/gazebo_control.xacro
[0.043s] -- Up-to-date symlink: /home/chris/AOPR_ws/src/AOPR/install/AOPR/share/AOPR/description/inertial_macros.xacro
[0.043s] -- Up-to-date symlink: /home/chris/AOPR_ws/src/AOPR/install/AOPR/share/AOPR/description/lidar.xacro
[0.043s] -- Up-to-date symlink: /home/chris/AOPR_ws/src/AOPR/install/AOPR/share/AOPR/description/robot.urdf.xacro
[0.043s] -- Up-to-date symlink: /home/chris/AOPR_ws/src/AOPR/install/AOPR/share/AOPR/description/robot_core.xacro
[0.043s] -- Up-to-date symlink: /home/chris/AOPR_ws/src/AOPR/install/AOPR/share/AOPR/description/ros2_control.xacro
[0.043s] -- Symlinking: /home/chris/AOPR_ws/src/AOPR/install/AOPR/share/AOPR/launch/block_tracker.launch.py
[0.047s] -- Up-to-date symlink: /home/chris/AOPR_ws/src/AOPR/install/AOPR/share/AOPR/launch/joystick.launch.py
[0.048s] -- Up-to-date symlink: /home/chris/AOPR_ws/src/AOPR/install/AOPR/share/AOPR/launch/launch_sim.launch.py
[0.048s] -- Up-to-date symlink: /home/chris/AOPR_ws/src/AOPR/install/AOPR/share/AOPR/launch/rsp.launch.py
[0.048s] -- Up-to-date symlink: /home/chris/AOPR_ws/src/AOPR/install/AOPR/share/AOPR/worlds/empty.world
[0.048s] -- Up-to-date symlink: /home/chris/AOPR_ws/src/AOPR/install/AOPR/share/ament_index/resource_index/package_run_dependencies/AOPR
[0.048s] -- Up-to-date symlink: /home/chris/AOPR_ws/src/AOPR/install/AOPR/share/ament_index/resource_index/parent_prefix_path/AOPR
[0.048s] -- Up-to-date symlink: /home/chris/AOPR_ws/src/AOPR/install/AOPR/share/AOPR/environment/ament_prefix_path.sh
[0.049s] -- Up-to-date symlink: /home/chris/AOPR_ws/src/AOPR/install/AOPR/share/AOPR/environment/ament_prefix_path.dsv
[0.049s] -- Up-to-date symlink: /home/chris/AOPR_ws/src/AOPR/install/AOPR/share/AOPR/environment/path.sh
[0.049s] -- Up-to-date symlink: /home/chris/AOPR_ws/src/AOPR/install/AOPR/share/AOPR/environment/path.dsv
[0.049s] -- Up-to-date symlink: /home/chris/AOPR_ws/src/AOPR/install/AOPR/share/AOPR/local_setup.bash
[0.050s] -- Up-to-date symlink: /home/chris/AOPR_ws/src/AOPR/install/AOPR/share/AOPR/local_setup.sh
[0.050s] -- Up-to-date symlink: /home/chris/AOPR_ws/src/AOPR/install/AOPR/share/AOPR/local_setup.zsh
[0.050s] -- Up-to-date symlink: /home/chris/AOPR_ws/src/AOPR/install/AOPR/share/AOPR/local_setup.dsv
[0.050s] -- Symlinking: /home/chris/AOPR_ws/src/AOPR/install/AOPR/share/AOPR/package.dsv
[0.055s] -- Up-to-date symlink: /home/chris/AOPR_ws/src/AOPR/install/AOPR/share/ament_index/resource_index/packages/AOPR
[0.055s] -- Up-to-date symlink: /home/chris/AOPR_ws/src/AOPR/install/AOPR/share/AOPR/cmake/AOPRConfig.cmake
[0.055s] -- Up-to-date symlink: /home/chris/AOPR_ws/src/AOPR/install/AOPR/share/AOPR/cmake/AOPRConfig-version.cmake
[0.055s] -- Up-to-date symlink: /home/chris/AOPR_ws/src/AOPR/install/AOPR/share/AOPR/package.xml
[0.056s] Invoked command in '/home/chris/AOPR_ws/src/AOPR/build/AOPR' returned '0': CMAKE_PREFIX_PATH=${CMAKE_PREFIX_PATH}:/home/chris/AOPR_ws/install/block_tracker:/opt/ros/jazzy /usr/bin/cmake --install /home/chris/AOPR_ws/src/AOPR/build/AOPR
